TN:
SF:C:\work_calendar\jest.config.js
FNF:0
FNH:0
DA:1,0
LF:1
LH:0
BRF:0
BRH:0
end_of_record
TN:
SF:C:\work_calendar\webpack.config.js
FNF:0
FNH:0
DA:1,0
DA:3,0
LF:2
LH:0
BRF:0
BRH:0
end_of_record
TN:
SF:C:\work_calendar\client\index.js
FNF:0
FNH:0
DA:5,0
LF:1
LH:0
BRF:0
BRH:0
end_of_record
TN:
SF:C:\work_calendar\client\src\App.jsx
FN:9,(anonymous_0)
FNF:1
FNH:1
FNDA:1,(anonymous_0)
DA:10,1
LF:1
LH:1
BRF:0
BRH:0
end_of_record
TN:
SF:C:\work_calendar\client\src\store.js
FNF:0
FNH:0
DA:6,1
DA:8,1
DA:9,1
DA:10,1
DA:12,1
LF:5
LH:5
BRF:0
BRH:0
end_of_record
TN:
SF:C:\work_calendar\client\src\actions\types.js
FNF:0
FNH:0
DA:1,1
DA:2,1
DA:3,1
LF:3
LH:3
BRF:0
BRH:0
end_of_record
TN:
SF:C:\work_calendar\client\src\actions\users.js
FN:7,(anonymous_0)
FN:7,(anonymous_1)
FN:10,(anonymous_2)
FN:17,(anonymous_3)
FN:20,(anonymous_4)
FN:20,(anonymous_5)
FN:27,(anonymous_6)
FN:33,(anonymous_7)
FN:36,(anonymous_8)
FN:36,(anonymous_9)
FN:39,(anonymous_10)
FN:45,(anonymous_11)
FN:46,(anonymous_12)
FNF:13
FNH:2
FNDA:1,(anonymous_0)
FNDA:1,(anonymous_1)
FNDA:0,(anonymous_2)
FNDA:0,(anonymous_3)
FNDA:0,(anonymous_4)
FNDA:0,(anonymous_5)
FNDA:0,(anonymous_6)
FNDA:0,(anonymous_7)
FNDA:0,(anonymous_8)
FNDA:0,(anonymous_9)
FNDA:0,(anonymous_10)
FNDA:0,(anonymous_11)
FNDA:0,(anonymous_12)
DA:7,1
DA:8,1
DA:11,0
DA:15,0
DA:17,0
DA:20,1
DA:21,0
DA:28,0
DA:33,0
DA:36,1
DA:37,0
DA:40,0
DA:45,0
DA:46,0
LF:14
LH:4
BRF:0
BRH:0
end_of_record
TN:
SF:C:\work_calendar\client\src\components\AddEventModal.jsx
FN:21,(anonymous_0)
FN:35,(anonymous_1)
FN:39,(anonymous_2)
FN:45,(anonymous_3)
FN:49,(anonymous_4)
FN:64,(anonymous_5)
FN:65,(anonymous_6)
FN:69,(anonymous_7)
FN:208,(anonymous_8)
FNF:9
FNH:0
FNDA:0,(anonymous_0)
FNDA:0,(anonymous_1)
FNDA:0,(anonymous_2)
FNDA:0,(anonymous_3)
FNDA:0,(anonymous_4)
FNDA:0,(anonymous_5)
FNDA:0,(anonymous_6)
FNDA:0,(anonymous_7)
FNDA:0,(anonymous_8)
DA:18,2
DA:22,0
DA:23,0
DA:30,0
DA:31,0
DA:32,0
DA:36,0
DA:40,0
DA:46,0
DA:50,0
DA:51,0
DA:62,0
DA:64,0
DA:65,0
DA:66,0
DA:71,0
DA:122,0
DA:208,2
LF:18
LH:2
BRF:0
BRH:0
end_of_record
TN:
SF:C:\work_calendar\client\src\components\AddUserModal.jsx
FN:22,(anonymous_0)
FN:37,(anonymous_1)
FN:41,(anonymous_2)
FN:47,(anonymous_3)
FN:51,(anonymous_4)
FN:71,(anonymous_5)
FNF:6
FNH:3
FNDA:1,(anonymous_0)
FNDA:1,(anonymous_1)
FNDA:0,(anonymous_2)
FNDA:0,(anonymous_3)
FNDA:0,(anonymous_4)
FNDA:1,(anonymous_5)
DA:19,1
DA:23,1
DA:24,1
DA:32,1
DA:33,1
DA:34,1
DA:38,1
DA:42,0
DA:48,0
DA:52,0
DA:59,0
DA:60,0
DA:67,0
DA:68,0
DA:73,1
DA:124,1
LF:16
LH:9
BRF:0
BRH:0
end_of_record
TN:
SF:C:\work_calendar\client\src\components\Calendar.jsx
FN:6,(anonymous_0)
FN:15,(anonymous_1)
FN:17,(anonymous_2)
FN:23,(anonymous_3)
FN:25,(anonymous_4)
FN:31,(anonymous_5)
FNF:6
FNH:6
FNDA:2,(anonymous_0)
FNDA:1,(anonymous_1)
FNDA:1,(anonymous_2)
FNDA:1,(anonymous_3)
FNDA:1,(anonymous_4)
FNDA:4,(anonymous_5)
DA:7,2
DA:8,2
DA:11,2
DA:12,2
DA:16,1
DA:17,1
DA:18,1
DA:24,1
DA:25,1
DA:26,1
DA:32,4
LF:11
LH:11
BRDA:16,0,0,1
BRDA:16,0,1,0
BRDA:24,1,0,1
BRDA:24,1,1,0
BRF:4
BRH:2
end_of_record
TN:
SF:C:\work_calendar\client\src\components\Day.jsx
FN:13,(anonymous_0)
FN:24,(anonymous_1)
FN:28,(anonymous_2)
FN:37,(anonymous_3)
FN:47,(anonymous_4)
FN:48,(anonymous_5)
FN:51,(anonymous_6)
FN:56,(anonymous_7)
FN:101,(anonymous_8)
FN:138,(anonymous_9)
FN:142,(anonymous_10)
FN:146,(anonymous_11)
FN:150,(anonymous_12)
FN:166,(anonymous_13)
FNF:14
FNH:0
FNDA:0,(anonymous_0)
FNDA:0,(anonymous_1)
FNDA:0,(anonymous_2)
FNDA:0,(anonymous_3)
FNDA:0,(anonymous_4)
FNDA:0,(anonymous_5)
FNDA:0,(anonymous_6)
FNDA:0,(anonymous_7)
FNDA:0,(anonymous_8)
FNDA:0,(anonymous_9)
FNDA:0,(anonymous_10)
FNDA:0,(anonymous_11)
FNDA:0,(anonymous_12)
FNDA:0,(anonymous_13)
DA:10,2
DA:14,0
DA:15,0
DA:19,0
DA:20,0
DA:21,0
DA:25,0
DA:29,0
DA:33,0
DA:38,0
DA:47,0
DA:48,0
DA:52,0
DA:53,0
DA:54,0
DA:55,0
DA:56,0
DA:58,0
DA:64,0
DA:69,0
DA:70,0
DA:71,0
DA:72,0
DA:73,0
DA:74,0
DA:85,0
DA:86,0
DA:92,0
DA:98,0
DA:100,0
DA:101,0
DA:103,0
DA:104,0
DA:105,0
DA:107,0
DA:121,0
DA:135,0
DA:139,0
DA:143,0
DA:147,0
DA:151,0
DA:152,0
DA:166,2
LF:43
LH:2
BRDA:29,0,0,0
BRDA:29,0,1,0
BRDA:30,1,0,0
BRDA:30,1,1,0
BRDA:58,2,0,0
BRDA:58,2,1,0
BRDA:59,3,0,0
BRDA:59,3,1,0
BRDA:59,3,2,0
BRDA:59,3,3,0
BRDA:69,4,0,0
BRDA:69,4,1,0
BRDA:73,5,0,0
BRDA:73,5,1,0
BRDA:85,6,0,0
BRDA:85,6,1,0
BRDA:103,7,0,0
BRDA:103,7,1,0
BRF:18
BRH:0
end_of_record
TN:
SF:C:\work_calendar\client\src\components\EditEventModal.jsx
FN:21,(anonymous_0)
FN:37,(anonymous_1)
FN:41,(anonymous_2)
FN:53,(anonymous_3)
FN:57,(anonymous_4)
FN:61,(anonymous_5)
FN:64,(anonymous_6)
FN:68,(anonymous_7)
FN:84,(anonymous_8)
FN:87,(anonymous_9)
FN:91,(anonymous_10)
FN:238,(anonymous_11)
FNF:12
FNH:0
FNDA:0,(anonymous_0)
FNDA:0,(anonymous_1)
FNDA:0,(anonymous_2)
FNDA:0,(anonymous_3)
FNDA:0,(anonymous_4)
FNDA:0,(anonymous_5)
FNDA:0,(anonymous_6)
FNDA:0,(anonymous_7)
FNDA:0,(anonymous_8)
FNDA:0,(anonymous_9)
FNDA:0,(anonymous_10)
FNDA:0,(anonymous_11)
DA:18,2
DA:22,0
DA:23,0
DA:31,0
DA:32,0
DA:33,0
DA:34,0
DA:38,0
DA:42,0
DA:43,0
DA:54,0
DA:58,0
DA:59,0
DA:62,0
DA:64,0
DA:65,0
DA:69,0
DA:70,0
DA:82,0
DA:85,0
DA:87,0
DA:88,0
DA:93,0
DA:144,0
DA:238,2
LF:25
LH:2
BRF:0
BRH:0
end_of_record
TN:
SF:C:\work_calendar\client\src\components\Navbar.jsx
FN:12,(anonymous_0)
FN:29,(anonymous_1)
FNF:2
FNH:2
FNDA:1,(anonymous_0)
FNDA:1,(anonymous_1)
DA:8,1
DA:13,1
DA:29,1
LF:3
LH:3
BRF:0
BRH:0
end_of_record
TN:
SF:C:\work_calendar\client\src\components\Time.jsx
FN:5,(anonymous_0)
FN:12,(anonymous_1)
FN:32,(anonymous_2)
FNF:3
FNH:3
FNDA:1,(anonymous_0)
FNDA:1,(anonymous_1)
FNDA:1,(anonymous_2)
DA:6,1
DA:7,1
DA:13,1
DA:14,1
DA:15,48
DA:16,24
DA:22,24
DA:29,1
DA:33,1
LF:9
LH:9
BRDA:15,0,0,24
BRDA:15,0,1,24
BRF:2
BRH:2
end_of_record
TN:
SF:C:\work_calendar\client\src\components\UserSelect.jsx
FN:11,(anonymous_0)
FN:19,(anonymous_1)
FN:23,(anonymous_2)
FN:31,(anonymous_3)
FN:37,(anonymous_4)
FN:46,(anonymous_5)
FN:57,(anonymous_6)
FNF:7
FNH:4
FNDA:1,(anonymous_0)
FNDA:1,(anonymous_1)
FNDA:0,(anonymous_2)
FNDA:0,(anonymous_3)
FNDA:1,(anonymous_4)
FNDA:0,(anonymous_5)
FNDA:1,(anonymous_6)
DA:7,1
DA:12,1
DA:13,1
DA:20,1
DA:24,0
DA:25,0
DA:32,0
DA:33,0
DA:34,0
DA:38,1
DA:47,0
DA:57,1
LF:12
LH:6
BRDA:24,0,0,0
BRDA:24,0,1,0
BRF:2
BRH:0
end_of_record
TN:
SF:C:\work_calendar\client\src\components\Week.jsx
FN:7,(anonymous_0)
FN:14,(anonymous_1)
FN:21,(anonymous_2)
FN:24,(anonymous_3)
FN:27,(anonymous_4)
FN:35,(anonymous_5)
FN:38,(anonymous_6)
FN:42,(anonymous_7)
FN:46,(anonymous_8)
FNF:9
FNH:3
FNDA:1,(anonymous_0)
FNDA:1,(anonymous_1)
FNDA:0,(anonymous_2)
FNDA:0,(anonymous_3)
FNDA:0,(anonymous_4)
FNDA:0,(anonymous_5)
FNDA:0,(anonymous_6)
FNDA:1,(anonymous_7)
FNDA:0,(anonymous_8)
DA:8,1
DA:9,1
DA:15,1
DA:22,0
DA:24,0
DA:28,0
DA:29,0
DA:36,0
DA:38,0
DA:43,1
DA:47,0
LF:11
LH:4
BRDA:28,0,0,0
BRDA:28,0,1,0
BRF:2
BRH:0
end_of_record
TN:
SF:C:\work_calendar\client\src\helpers\calendar.js
FNF:0
FNH:0
DA:1,2
LF:1
LH:1
BRF:0
BRH:0
end_of_record
TN:
SF:C:\work_calendar\client\src\reducers\index.js
FNF:0
FNH:0
LF:0
LH:0
BRF:0
BRH:0
end_of_record
TN:
SF:C:\work_calendar\client\src\reducers\users.js
FN:8,(anonymous_0)
FNF:1
FNH:1
FNDA:3,(anonymous_0)
DA:3,1
DA:9,3
DA:11,0
DA:16,0
DA:21,0
DA:26,3
LF:6
LH:3
BRDA:8,0,0,3
BRDA:9,1,0,0
BRDA:9,1,1,0
BRDA:9,1,2,0
BRDA:9,1,3,3
BRF:5
BRH:2
end_of_record
TN:
SF:C:\work_calendar\coverage\lcov-report\block-navigation.js
FN:2,init
FN:24,toggleClass
FN:31,makeCurrent
FN:41,goToPrevious
FN:52,goToNext
FN:65,jump
FNF:6
FNH:0
FNDA:0,init
FNDA:0,toggleClass
FNDA:0,makeCurrent
FNDA:0,goToPrevious
FNDA:0,goToNext
FNDA:0,jump
DA:2,0
DA:4,0
DA:7,0
DA:10,0
DA:14,0
DA:20,0
DA:25,0
DA:28,0
DA:32,0
DA:33,0
DA:34,0
DA:42,0
DA:43,0
DA:44,0
DA:45,0
DA:46,0
DA:49,0
DA:53,0
DA:55,0
DA:59,0
DA:62,0
DA:65,0
DA:66,0
DA:69,0
DA:70,0
DA:74,0
DA:75,0
DA:79,0
LF:28
LH:0
BRDA:43,0,0,0
BRDA:43,0,1,0
BRDA:43,1,0,0
BRDA:43,1,1,0
BRDA:45,2,0,0
BRDA:45,2,1,0
BRDA:55,3,0,0
BRDA:55,3,1,0
BRDA:56,4,0,0
BRDA:56,4,1,0
BRDA:66,5,0,0
BRDA:66,5,1,0
BRDA:66,5,2,0
BRDA:66,5,3,0
BRDA:66,5,4,0
BRF:15
BRH:0
end_of_record
TN:
SF:C:\work_calendar\coverage\lcov-report\prettify.js
FN:2,(anonymous_0)
FN:2,k
FN:2,ab
FN:2,T
FN:2,X
FN:2,(anonymous_5)
FN:2,W
FN:2,(anonymous_7)
FN:2,a
FN:2,aa
FN:2,B
FN:2,o
FN:2,g
FN:2,(anonymous_13)
FN:2,(anonymous_14)
FN:2,i
FN:2,Q
FN:2,ae
FN:2,ad
FN:2,ai
FN:2,D
FN:2,c
FN:2,q
FN:2,d
FN:2,y
FN:2,b
FN:2,Y
FN:2,(anonymous_27)
FN:2,U
FNF:29
FNH:0
FNDA:0,(anonymous_0)
FNDA:0,k
FNDA:0,ab
FNDA:0,T
FNDA:0,X
FNDA:0,(anonymous_5)
FNDA:0,W
FNDA:0,(anonymous_7)
FNDA:0,a
FNDA:0,aa
FNDA:0,B
FNDA:0,o
FNDA:0,g
FNDA:0,(anonymous_13)
FNDA:0,(anonymous_14)
FNDA:0,i
FNDA:0,Q
FNDA:0,ae
FNDA:0,ad
FNDA:0,ai
FNDA:0,D
FNDA:0,c
FNDA:0,q
FNDA:0,d
FNDA:0,y
FNDA:0,b
FNDA:0,Y
FNDA:0,(anonymous_27)
FNDA:0,U
DA:2,0
LF:1
LH:0
BRDA:2,0,0,0
BRDA:2,0,1,0
BRDA:2,1,0,0
BRDA:2,1,1,0
BRDA:2,2,0,0
BRDA:2,2,1,0
BRDA:2,3,0,0
BRDA:2,3,1,0
BRDA:2,4,0,0
BRDA:2,4,1,0
BRDA:2,5,0,0
BRDA:2,5,1,0
BRDA:2,6,0,0
BRDA:2,6,1,0
BRDA:2,7,0,0
BRDA:2,7,1,0
BRDA:2,8,0,0
BRDA:2,8,1,0
BRDA:2,9,0,0
BRDA:2,9,1,0
BRDA:2,10,0,0
BRDA:2,10,1,0
BRDA:2,11,0,0
BRDA:2,11,1,0
BRDA:2,11,2,0
BRDA:2,11,3,0
BRDA:2,12,0,0
BRDA:2,12,1,0
BRDA:2,13,0,0
BRDA:2,13,1,0
BRDA:2,14,0,0
BRDA:2,14,1,0
BRDA:2,15,0,0
BRDA:2,15,1,0
BRDA:2,16,0,0
BRDA:2,16,1,0
BRDA:2,17,0,0
BRDA:2,17,1,0
BRDA:2,18,0,0
BRDA:2,18,1,0
BRDA:2,19,0,0
BRDA:2,19,1,0
BRDA:2,20,0,0
BRDA:2,20,1,0
BRDA:2,21,0,0
BRDA:2,21,1,0
BRDA:2,22,0,0
BRDA:2,22,1,0
BRDA:2,23,0,0
BRDA:2,23,1,0
BRDA:2,24,0,0
BRDA:2,24,1,0
BRDA:2,25,0,0
BRDA:2,25,1,0
BRDA:2,26,0,0
BRDA:2,26,1,0
BRDA:2,27,0,0
BRDA:2,27,1,0
BRDA:2,28,0,0
BRDA:2,28,1,0
BRDA:2,29,0,0
BRDA:2,29,1,0
BRDA:2,30,0,0
BRDA:2,30,1,0
BRDA:2,31,0,0
BRDA:2,31,1,0
BRDA:2,32,0,0
BRDA:2,32,1,0
BRDA:2,33,0,0
BRDA:2,33,1,0
BRDA:2,34,0,0
BRDA:2,34,1,0
BRDA:2,35,0,0
BRDA:2,35,1,0
BRDA:2,36,0,0
BRDA:2,36,1,0
BRDA:2,37,0,0
BRDA:2,37,1,0
BRDA:2,38,0,0
BRDA:2,38,1,0
BRDA:2,39,0,0
BRDA:2,39,1,0
BRDA:2,40,0,0
BRDA:2,40,1,0
BRDA:2,41,0,0
BRDA:2,41,1,0
BRDA:2,42,0,0
BRDA:2,42,1,0
BRDA:2,43,0,0
BRDA:2,43,1,0
BRDA:2,44,0,0
BRDA:2,44,1,0
BRDA:2,45,0,0
BRDA:2,45,1,0
BRDA:2,46,0,0
BRDA:2,46,1,0
BRDA:2,47,0,0
BRDA:2,47,1,0
BRDA:2,48,0,0
BRDA:2,48,1,0
BRDA:2,49,0,0
BRDA:2,49,1,0
BRDA:2,50,0,0
BRDA:2,50,1,0
BRDA:2,50,2,0
BRDA:2,51,0,0
BRDA:2,51,1,0
BRDA:2,52,0,0
BRDA:2,52,1,0
BRDA:2,53,0,0
BRDA:2,53,1,0
BRDA:2,54,0,0
BRDA:2,54,1,0
BRDA:2,55,0,0
BRDA:2,55,1,0
BRDA:2,56,0,0
BRDA:2,56,1,0
BRDA:2,57,0,0
BRDA:2,57,1,0
BRDA:2,58,0,0
BRDA:2,58,1,0
BRDA:2,59,0,0
BRDA:2,59,1,0
BRDA:2,60,0,0
BRDA:2,60,1,0
BRDA:2,61,0,0
BRDA:2,61,1,0
BRDA:2,62,0,0
BRDA:2,62,1,0
BRDA:2,63,0,0
BRDA:2,63,1,0
BRDA:2,64,0,0
BRDA:2,64,1,0
BRDA:2,65,0,0
BRDA:2,65,1,0
BRDA:2,66,0,0
BRDA:2,66,1,0
BRDA:2,67,0,0
BRDA:2,67,1,0
BRDA:2,68,0,0
BRDA:2,68,1,0
BRDA:2,69,0,0
BRDA:2,69,1,0
BRDA:2,70,0,0
BRDA:2,70,1,0
BRDA:2,71,0,0
BRDA:2,71,1,0
BRDA:2,72,0,0
BRDA:2,72,1,0
BRDA:2,73,0,0
BRDA:2,73,1,0
BRDA:2,74,0,0
BRDA:2,74,1,0
BRDA:2,75,0,0
BRDA:2,75,1,0
BRDA:2,76,0,0
BRDA:2,76,1,0
BRDA:2,77,0,0
BRDA:2,77,1,0
BRDA:2,78,0,0
BRDA:2,78,1,0
BRDA:2,79,0,0
BRDA:2,79,1,0
BRDA:2,80,0,0
BRDA:2,80,1,0
BRDA:2,81,0,0
BRDA:2,81,1,0
BRDA:2,82,0,0
BRDA:2,82,1,0
BRDA:2,83,0,0
BRDA:2,83,1,0
BRDA:2,84,0,0
BRDA:2,84,1,0
BRDA:2,85,0,0
BRDA:2,85,1,0
BRDA:2,86,0,0
BRDA:2,86,1,0
BRDA:2,87,0,0
BRDA:2,87,1,0
BRDA:2,88,0,0
BRDA:2,88,1,0
BRDA:2,89,0,0
BRDA:2,89,1,0
BRDA:2,89,2,0
BRDA:2,90,0,0
BRDA:2,90,1,0
BRDA:2,91,0,0
BRDA:2,91,1,0
BRDA:2,92,0,0
BRDA:2,92,1,0
BRDA:2,93,0,0
BRDA:2,93,1,0
BRDA:2,94,0,0
BRDA:2,94,1,0
BRDA:2,95,0,0
BRDA:2,95,1,0
BRDA:2,96,0,0
BRDA:2,96,1,0
BRDA:2,97,0,0
BRDA:2,97,1,0
BRDA:2,98,0,0
BRDA:2,98,1,0
BRDA:2,99,0,0
BRDA:2,99,1,0
BRDA:2,100,0,0
BRDA:2,100,1,0
BRDA:2,101,0,0
BRDA:2,101,1,0
BRDA:2,102,0,0
BRDA:2,102,1,0
BRDA:2,103,0,0
BRDA:2,103,1,0
BRDA:2,104,0,0
BRDA:2,104,1,0
BRDA:2,105,0,0
BRDA:2,105,1,0
BRDA:2,106,0,0
BRDA:2,106,1,0
BRDA:2,107,0,0
BRDA:2,107,1,0
BRDA:2,108,0,0
BRDA:2,108,1,0
BRDA:2,109,0,0
BRDA:2,109,1,0
BRDA:2,110,0,0
BRDA:2,110,1,0
BRDA:2,111,0,0
BRDA:2,111,1,0
BRDA:2,112,0,0
BRDA:2,112,1,0
BRDA:2,113,0,0
BRDA:2,113,1,0
BRDA:2,114,0,0
BRDA:2,114,1,0
BRDA:2,115,0,0
BRDA:2,115,1,0
BRDA:2,116,0,0
BRDA:2,116,1,0
BRDA:2,117,0,0
BRDA:2,117,1,0
BRDA:2,118,0,0
BRDA:2,118,1,0
BRDA:2,119,0,0
BRDA:2,119,1,0
BRDA:2,120,0,0
BRDA:2,120,1,0
BRDA:2,121,0,0
BRDA:2,121,1,0
BRDA:2,122,0,0
BRDA:2,122,1,0
BRDA:2,123,0,0
BRDA:2,123,1,0
BRDA:2,124,0,0
BRDA:2,124,1,0
BRDA:2,125,0,0
BRDA:2,125,1,0
BRDA:2,126,0,0
BRDA:2,126,1,0
BRDA:2,127,0,0
BRDA:2,127,1,0
BRDA:2,128,0,0
BRDA:2,128,1,0
BRDA:2,128,2,0
BRDA:2,129,0,0
BRDA:2,129,1,0
BRDA:2,130,0,0
BRDA:2,130,1,0
BRDA:2,131,0,0
BRDA:2,131,1,0
BRDA:2,131,2,0
BRDA:2,131,3,0
BRDA:2,131,4,0
BRDA:2,132,0,0
BRDA:2,132,1,0
BRDA:2,133,0,0
BRDA:2,133,1,0
BRDA:2,134,0,0
BRDA:2,134,1,0
BRDA:2,135,0,0
BRDA:2,135,1,0
BRDA:2,136,0,0
BRDA:2,136,1,0
BRDA:2,137,0,0
BRDA:2,137,1,0
BRDA:2,138,0,0
BRDA:2,138,1,0
BRF:286
BRH:0
end_of_record
TN:
SF:C:\work_calendar\coverage\lcov-report\sorter.js
FN:2,(anonymous_0)
FN:11,getTable
FN:15,getTableHeader
FN:19,getTableBody
FN:23,getNthColumn
FN:28,loadColumns
FN:53,loadRowData
FN:72,loadData
FN:81,sortByIndex
FN:83,(anonymous_9)
FN:95,(anonymous_10)
FN:112,removeSortIndicators
FN:120,addSortIndicators
FN:126,enableUI
FN:129,ithSorter
FN:132,(anonymous_15)
FN:159,(anonymous_16)
FNF:17
FNH:0
FNDA:0,(anonymous_0)
FNDA:0,getTable
FNDA:0,getTableHeader
FNDA:0,getTableBody
FNDA:0,getNthColumn
FNDA:0,loadColumns
FNDA:0,loadRowData
FNDA:0,loadData
FNDA:0,sortByIndex
FNDA:0,(anonymous_9)
FNDA:0,(anonymous_10)
FNDA:0,removeSortIndicators
FNDA:0,addSortIndicators
FNDA:0,enableUI
FNDA:0,ithSorter
FNDA:0,(anonymous_15)
FNDA:0,(anonymous_16)
DA:2,0
DA:5,0
DA:12,0
DA:16,0
DA:20,0
DA:24,0
DA:29,0
DA:31,0
DA:35,0
DA:36,0
DA:37,0
DA:42,0
DA:43,0
DA:44,0
DA:45,0
DA:49,0
DA:54,0
DA:57,0
DA:60,0
DA:61,0
DA:62,0
DA:63,0
DA:64,0
DA:65,0
DA:67,0
DA:69,0
DA:73,0
DA:76,0
DA:77,0
DA:82,0
DA:83,0
DA:84,0
DA:85,0
DA:86,0
DA:88,0
DA:89,0
DA:90,0
DA:91,0
DA:94,0
DA:95,0
DA:96,0
DA:100,0
DA:101,0
DA:102,0
DA:105,0
DA:107,0
DA:108,0
DA:113,0
DA:114,0
DA:116,0
DA:117,0
DA:121,0
DA:129,0
DA:130,0
DA:132,0
DA:133,0
DA:135,0
DA:136,0
DA:138,0
DA:139,0
DA:140,0
DA:141,0
DA:142,0
DA:145,0
DA:146,0
DA:149,0
DA:150,0
DA:151,0
DA:153,0
DA:159,0
DA:160,0
DA:161,0
DA:163,0
DA:164,0
DA:165,0
DA:166,0
DA:170,0
LF:77
LH:0
BRDA:40,0,0,0
BRDA:40,0,1,0
BRDA:43,1,0,0
BRDA:43,1,1,0
BRDA:64,2,0,0
BRDA:64,2,1,0
BRDA:86,3,0,0
BRDA:86,3,1,0
BRDA:86,4,0,0
BRDA:86,4,1,0
BRDA:94,5,0,0
BRDA:94,5,1,0
BRDA:121,6,0,0
BRDA:121,6,1,0
BRDA:135,7,0,0
BRDA:135,7,1,0
BRDA:146,8,0,0
BRDA:146,8,1,0
BRDA:150,9,0,0
BRDA:150,9,1,0
BRDA:160,10,0,0
BRDA:160,10,1,0
BRF:22
BRH:0
end_of_record
TN:
SF:C:\work_calendar\public\main.js
FN:1,(anonymous_0)
FN:6,__webpack_require__
FN:37,(anonymous_2)
FN:44,(anonymous_3)
FN:56,(anonymous_4)
FN:63,(anonymous_5)
FN:68,(anonymous_6)
FN:70,getDefault
FN:71,getModuleExports
FN:77,(anonymous_9)
FN:94,(anonymous_10)
FN:106,(anonymous_11)
FN:118,(anonymous_12)
FN:130,(anonymous_13)
FN:142,(anonymous_14)
FN:154,(anonymous_15)
FN:166,(anonymous_16)
FN:178,(anonymous_17)
FN:190,(anonymous_18)
FN:202,(anonymous_19)
FN:214,(anonymous_20)
FN:226,(anonymous_21)
FN:238,(anonymous_22)
FN:250,(anonymous_23)
FN:261,(anonymous_24)
FN:273,(anonymous_25)
FN:285,(anonymous_26)
FN:297,(anonymous_27)
FN:308,(anonymous_28)
FN:319,(anonymous_29)
FN:331,(anonymous_30)
FN:343,(anonymous_31)
FN:355,(anonymous_32)
FN:367,(anonymous_33)
FN:379,(anonymous_34)
FN:391,(anonymous_35)
FN:402,(anonymous_36)
FN:413,(anonymous_37)
FN:424,(anonymous_38)
FN:435,(anonymous_39)
FN:446,(anonymous_40)
FN:458,(anonymous_41)
FN:470,(anonymous_42)
FN:482,(anonymous_43)
FN:494,(anonymous_44)
FN:506,(anonymous_45)
FN:518,(anonymous_46)
FN:530,(anonymous_47)
FN:542,(anonymous_48)
FN:554,(anonymous_49)
FN:566,(anonymous_50)
FN:578,(anonymous_51)
FN:590,(anonymous_52)
FN:602,(anonymous_53)
FN:614,(anonymous_54)
FN:626,(anonymous_55)
FN:638,(anonymous_56)
FN:650,(anonymous_57)
FN:662,(anonymous_58)
FN:674,(anonymous_59)
FN:686,(anonymous_60)
FN:698,(anonymous_61)
FN:710,(anonymous_62)
FN:722,(anonymous_63)
FN:734,(anonymous_64)
FN:746,(anonymous_65)
FN:758,(anonymous_66)
FN:769,(anonymous_67)
FN:781,(anonymous_68)
FN:793,(anonymous_69)
FN:804,(anonymous_70)
FN:816,(anonymous_71)
FN:828,(anonymous_72)
FN:840,(anonymous_73)
FN:852,(anonymous_74)
FN:864,(anonymous_75)
FN:876,(anonymous_76)
FN:888,(anonymous_77)
FN:900,(anonymous_78)
FN:912,(anonymous_79)
FN:924,(anonymous_80)
FN:936,(anonymous_81)
FN:948,(anonymous_82)
FN:960,(anonymous_83)
FN:972,(anonymous_84)
FN:984,(anonymous_85)
FN:996,(anonymous_86)
FN:1008,(anonymous_87)
FN:1020,(anonymous_88)
FN:1032,(anonymous_89)
FN:1044,(anonymous_90)
FN:1056,(anonymous_91)
FN:1068,(anonymous_92)
FN:1080,(anonymous_93)
FN:1091,(anonymous_94)
FN:1103,(anonymous_95)
FN:1115,(anonymous_96)
FN:1126,(anonymous_97)
FN:1138,(anonymous_98)
FN:1150,(anonymous_99)
FN:1162,(anonymous_100)
FN:1174,(anonymous_101)
FN:1186,(anonymous_102)
FN:1198,(anonymous_103)
FN:1210,(anonymous_104)
FN:1222,(anonymous_105)
FN:1234,(anonymous_106)
FN:1246,(anonymous_107)
FN:1258,(anonymous_108)
FN:1270,(anonymous_109)
FN:1282,(anonymous_110)
FN:1294,(anonymous_111)
FN:1306,(anonymous_112)
FN:1318,(anonymous_113)
FN:1330,(anonymous_114)
FN:1342,(anonymous_115)
FN:1354,(anonymous_116)
FN:1366,(anonymous_117)
FN:1378,(anonymous_118)
FN:1390,(anonymous_119)
FN:1402,(anonymous_120)
FN:1414,(anonymous_121)
FN:1426,(anonymous_122)
FN:1438,(anonymous_123)
FN:1450,(anonymous_124)
FN:1462,(anonymous_125)
FN:1474,(anonymous_126)
FN:1486,(anonymous_127)
FN:1498,(anonymous_128)
FN:1510,(anonymous_129)
FN:1522,(anonymous_130)
FN:1534,(anonymous_131)
FN:1546,(anonymous_132)
FN:1558,(anonymous_133)
FN:1570,(anonymous_134)
FN:1582,(anonymous_135)
FN:1594,(anonymous_136)
FN:1606,(anonymous_137)
FN:1618,(anonymous_138)
FN:1630,(anonymous_139)
FN:1642,(anonymous_140)
FN:1654,(anonymous_141)
FN:1666,(anonymous_142)
FN:1678,(anonymous_143)
FN:1690,(anonymous_144)
FN:1702,(anonymous_145)
FN:1714,(anonymous_146)
FN:1726,(anonymous_147)
FN:1738,(anonymous_148)
FN:1750,(anonymous_149)
FN:1762,(anonymous_150)
FN:1774,(anonymous_151)
FN:1786,(anonymous_152)
FN:1798,(anonymous_153)
FN:1810,(anonymous_154)
FN:1822,(anonymous_155)
FN:1834,(anonymous_156)
FN:1846,(anonymous_157)
FN:1858,(anonymous_158)
FN:1870,(anonymous_159)
FN:1882,(anonymous_160)
FN:1894,(anonymous_161)
FN:1906,(anonymous_162)
FN:1918,(anonymous_163)
FN:1930,(anonymous_164)
FN:1942,(anonymous_165)
FN:1954,(anonymous_166)
FN:1966,(anonymous_167)
FN:1978,(anonymous_168)
FN:1990,(anonymous_169)
FN:2002,(anonymous_170)
FN:2014,(anonymous_171)
FN:2026,(anonymous_172)
FN:2038,(anonymous_173)
FN:2050,(anonymous_174)
FN:2062,(anonymous_175)
FN:2074,(anonymous_176)
FN:2086,(anonymous_177)
FN:2098,(anonymous_178)
FN:2110,(anonymous_179)
FN:2122,(anonymous_180)
FN:2134,(anonymous_181)
FN:2146,(anonymous_182)
FN:2158,(anonymous_183)
FN:2170,(anonymous_184)
FN:2182,(anonymous_185)
FN:2194,(anonymous_186)
FN:2206,(anonymous_187)
FN:2218,(anonymous_188)
FN:2230,(anonymous_189)
FN:2242,(anonymous_190)
FN:2254,(anonymous_191)
FN:2266,(anonymous_192)
FN:2278,(anonymous_193)
FN:2290,(anonymous_194)
FN:2302,(anonymous_195)
FN:2314,(anonymous_196)
FN:2326,(anonymous_197)
FN:2338,(anonymous_198)
FN:2350,(anonymous_199)
FN:2362,(anonymous_200)
FN:2374,(anonymous_201)
FN:2386,(anonymous_202)
FN:2398,(anonymous_203)
FN:2410,(anonymous_204)
FN:2422,(anonymous_205)
FN:2434,(anonymous_206)
FN:2446,(anonymous_207)
FN:2458,(anonymous_208)
FN:2470,(anonymous_209)
FN:2482,(anonymous_210)
FN:2494,(anonymous_211)
FN:2506,(anonymous_212)
FN:2518,(anonymous_213)
FN:2530,(anonymous_214)
FN:2542,(anonymous_215)
FN:2554,(anonymous_216)
FN:2566,(anonymous_217)
FN:2578,(anonymous_218)
FN:2590,(anonymous_219)
FN:2602,(anonymous_220)
FN:2614,(anonymous_221)
FN:2626,(anonymous_222)
FN:2638,(anonymous_223)
FN:2650,(anonymous_224)
FN:2662,(anonymous_225)
FN:2674,(anonymous_226)
FN:2686,(anonymous_227)
FN:2698,(anonymous_228)
FN:2710,(anonymous_229)
FN:2722,(anonymous_230)
FN:2734,(anonymous_231)
FN:2746,(anonymous_232)
FN:2758,(anonymous_233)
FN:2770,(anonymous_234)
FN:2782,(anonymous_235)
FN:2794,(anonymous_236)
FN:2806,(anonymous_237)
FN:2818,(anonymous_238)
FN:2830,(anonymous_239)
FN:2842,(anonymous_240)
FN:2854,(anonymous_241)
FN:2866,(anonymous_242)
FN:2878,(anonymous_243)
FN:2890,(anonymous_244)
FN:2902,(anonymous_245)
FN:2914,(anonymous_246)
FN:2926,(anonymous_247)
FN:2938,(anonymous_248)
FN:2950,(anonymous_249)
FN:2961,(anonymous_250)
FNF:251
FNH:0
FNDA:0,(anonymous_0)
FNDA:0,__webpack_require__
FNDA:0,(anonymous_2)
FNDA:0,(anonymous_3)
FNDA:0,(anonymous_4)
FNDA:0,(anonymous_5)
FNDA:0,(anonymous_6)
FNDA:0,getDefault
FNDA:0,getModuleExports
FNDA:0,(anonymous_9)
FNDA:0,(anonymous_10)
FNDA:0,(anonymous_11)
FNDA:0,(anonymous_12)
FNDA:0,(anonymous_13)
FNDA:0,(anonymous_14)
FNDA:0,(anonymous_15)
FNDA:0,(anonymous_16)
FNDA:0,(anonymous_17)
FNDA:0,(anonymous_18)
FNDA:0,(anonymous_19)
FNDA:0,(anonymous_20)
FNDA:0,(anonymous_21)
FNDA:0,(anonymous_22)
FNDA:0,(anonymous_23)
FNDA:0,(anonymous_24)
FNDA:0,(anonymous_25)
FNDA:0,(anonymous_26)
FNDA:0,(anonymous_27)
FNDA:0,(anonymous_28)
FNDA:0,(anonymous_29)
FNDA:0,(anonymous_30)
FNDA:0,(anonymous_31)
FNDA:0,(anonymous_32)
FNDA:0,(anonymous_33)
FNDA:0,(anonymous_34)
FNDA:0,(anonymous_35)
FNDA:0,(anonymous_36)
FNDA:0,(anonymous_37)
FNDA:0,(anonymous_38)
FNDA:0,(anonymous_39)
FNDA:0,(anonymous_40)
FNDA:0,(anonymous_41)
FNDA:0,(anonymous_42)
FNDA:0,(anonymous_43)
FNDA:0,(anonymous_44)
FNDA:0,(anonymous_45)
FNDA:0,(anonymous_46)
FNDA:0,(anonymous_47)
FNDA:0,(anonymous_48)
FNDA:0,(anonymous_49)
FNDA:0,(anonymous_50)
FNDA:0,(anonymous_51)
FNDA:0,(anonymous_52)
FNDA:0,(anonymous_53)
FNDA:0,(anonymous_54)
FNDA:0,(anonymous_55)
FNDA:0,(anonymous_56)
FNDA:0,(anonymous_57)
FNDA:0,(anonymous_58)
FNDA:0,(anonymous_59)
FNDA:0,(anonymous_60)
FNDA:0,(anonymous_61)
FNDA:0,(anonymous_62)
FNDA:0,(anonymous_63)
FNDA:0,(anonymous_64)
FNDA:0,(anonymous_65)
FNDA:0,(anonymous_66)
FNDA:0,(anonymous_67)
FNDA:0,(anonymous_68)
FNDA:0,(anonymous_69)
FNDA:0,(anonymous_70)
FNDA:0,(anonymous_71)
FNDA:0,(anonymous_72)
FNDA:0,(anonymous_73)
FNDA:0,(anonymous_74)
FNDA:0,(anonymous_75)
FNDA:0,(anonymous_76)
FNDA:0,(anonymous_77)
FNDA:0,(anonymous_78)
FNDA:0,(anonymous_79)
FNDA:0,(anonymous_80)
FNDA:0,(anonymous_81)
FNDA:0,(anonymous_82)
FNDA:0,(anonymous_83)
FNDA:0,(anonymous_84)
FNDA:0,(anonymous_85)
FNDA:0,(anonymous_86)
FNDA:0,(anonymous_87)
FNDA:0,(anonymous_88)
FNDA:0,(anonymous_89)
FNDA:0,(anonymous_90)
FNDA:0,(anonymous_91)
FNDA:0,(anonymous_92)
FNDA:0,(anonymous_93)
FNDA:0,(anonymous_94)
FNDA:0,(anonymous_95)
FNDA:0,(anonymous_96)
FNDA:0,(anonymous_97)
FNDA:0,(anonymous_98)
FNDA:0,(anonymous_99)
FNDA:0,(anonymous_100)
FNDA:0,(anonymous_101)
FNDA:0,(anonymous_102)
FNDA:0,(anonymous_103)
FNDA:0,(anonymous_104)
FNDA:0,(anonymous_105)
FNDA:0,(anonymous_106)
FNDA:0,(anonymous_107)
FNDA:0,(anonymous_108)
FNDA:0,(anonymous_109)
FNDA:0,(anonymous_110)
FNDA:0,(anonymous_111)
FNDA:0,(anonymous_112)
FNDA:0,(anonymous_113)
FNDA:0,(anonymous_114)
FNDA:0,(anonymous_115)
FNDA:0,(anonymous_116)
FNDA:0,(anonymous_117)
FNDA:0,(anonymous_118)
FNDA:0,(anonymous_119)
FNDA:0,(anonymous_120)
FNDA:0,(anonymous_121)
FNDA:0,(anonymous_122)
FNDA:0,(anonymous_123)
FNDA:0,(anonymous_124)
FNDA:0,(anonymous_125)
FNDA:0,(anonymous_126)
FNDA:0,(anonymous_127)
FNDA:0,(anonymous_128)
FNDA:0,(anonymous_129)
FNDA:0,(anonymous_130)
FNDA:0,(anonymous_131)
FNDA:0,(anonymous_132)
FNDA:0,(anonymous_133)
FNDA:0,(anonymous_134)
FNDA:0,(anonymous_135)
FNDA:0,(anonymous_136)
FNDA:0,(anonymous_137)
FNDA:0,(anonymous_138)
FNDA:0,(anonymous_139)
FNDA:0,(anonymous_140)
FNDA:0,(anonymous_141)
FNDA:0,(anonymous_142)
FNDA:0,(anonymous_143)
FNDA:0,(anonymous_144)
FNDA:0,(anonymous_145)
FNDA:0,(anonymous_146)
FNDA:0,(anonymous_147)
FNDA:0,(anonymous_148)
FNDA:0,(anonymous_149)
FNDA:0,(anonymous_150)
FNDA:0,(anonymous_151)
FNDA:0,(anonymous_152)
FNDA:0,(anonymous_153)
FNDA:0,(anonymous_154)
FNDA:0,(anonymous_155)
FNDA:0,(anonymous_156)
FNDA:0,(anonymous_157)
FNDA:0,(anonymous_158)
FNDA:0,(anonymous_159)
FNDA:0,(anonymous_160)
FNDA:0,(anonymous_161)
FNDA:0,(anonymous_162)
FNDA:0,(anonymous_163)
FNDA:0,(anonymous_164)
FNDA:0,(anonymous_165)
FNDA:0,(anonymous_166)
FNDA:0,(anonymous_167)
FNDA:0,(anonymous_168)
FNDA:0,(anonymous_169)
FNDA:0,(anonymous_170)
FNDA:0,(anonymous_171)
FNDA:0,(anonymous_172)
FNDA:0,(anonymous_173)
FNDA:0,(anonymous_174)
FNDA:0,(anonymous_175)
FNDA:0,(anonymous_176)
FNDA:0,(anonymous_177)
FNDA:0,(anonymous_178)
FNDA:0,(anonymous_179)
FNDA:0,(anonymous_180)
FNDA:0,(anonymous_181)
FNDA:0,(anonymous_182)
FNDA:0,(anonymous_183)
FNDA:0,(anonymous_184)
FNDA:0,(anonymous_185)
FNDA:0,(anonymous_186)
FNDA:0,(anonymous_187)
FNDA:0,(anonymous_188)
FNDA:0,(anonymous_189)
FNDA:0,(anonymous_190)
FNDA:0,(anonymous_191)
FNDA:0,(anonymous_192)
FNDA:0,(anonymous_193)
FNDA:0,(anonymous_194)
FNDA:0,(anonymous_195)
FNDA:0,(anonymous_196)
FNDA:0,(anonymous_197)
FNDA:0,(anonymous_198)
FNDA:0,(anonymous_199)
FNDA:0,(anonymous_200)
FNDA:0,(anonymous_201)
FNDA:0,(anonymous_202)
FNDA:0,(anonymous_203)
FNDA:0,(anonymous_204)
FNDA:0,(anonymous_205)
FNDA:0,(anonymous_206)
FNDA:0,(anonymous_207)
FNDA:0,(anonymous_208)
FNDA:0,(anonymous_209)
FNDA:0,(anonymous_210)
FNDA:0,(anonymous_211)
FNDA:0,(anonymous_212)
FNDA:0,(anonymous_213)
FNDA:0,(anonymous_214)
FNDA:0,(anonymous_215)
FNDA:0,(anonymous_216)
FNDA:0,(anonymous_217)
FNDA:0,(anonymous_218)
FNDA:0,(anonymous_219)
FNDA:0,(anonymous_220)
FNDA:0,(anonymous_221)
FNDA:0,(anonymous_222)
FNDA:0,(anonymous_223)
FNDA:0,(anonymous_224)
FNDA:0,(anonymous_225)
FNDA:0,(anonymous_226)
FNDA:0,(anonymous_227)
FNDA:0,(anonymous_228)
FNDA:0,(anonymous_229)
FNDA:0,(anonymous_230)
FNDA:0,(anonymous_231)
FNDA:0,(anonymous_232)
FNDA:0,(anonymous_233)
FNDA:0,(anonymous_234)
FNDA:0,(anonymous_235)
FNDA:0,(anonymous_236)
FNDA:0,(anonymous_237)
FNDA:0,(anonymous_238)
FNDA:0,(anonymous_239)
FNDA:0,(anonymous_240)
FNDA:0,(anonymous_241)
FNDA:0,(anonymous_242)
FNDA:0,(anonymous_243)
FNDA:0,(anonymous_244)
FNDA:0,(anonymous_245)
FNDA:0,(anonymous_246)
FNDA:0,(anonymous_247)
FNDA:0,(anonymous_248)
FNDA:0,(anonymous_249)
FNDA:0,(anonymous_250)
DA:1,0
DA:3,0
DA:9,0
DA:10,0
DA:13,0
DA:20,0
DA:23,0
DA:26,0
DA:31,0
DA:34,0
DA:37,0
DA:38,0
DA:39,0
DA:44,0
DA:45,0
DA:46,0
DA:48,0
DA:56,0
DA:57,0
DA:58,0
DA:59,0
DA:60,0
DA:61,0
DA:62,0
DA:63,0
DA:64,0
DA:68,0
DA:69,0
DA:70,0
DA:71,0
DA:72,0
DA:73,0
DA:77,0
DA:80,0
DA:84,0
DA:97,0
DA:109,0
DA:121,0
DA:133,0
DA:145,0
DA:157,0
DA:169,0
DA:181,0
DA:193,0
DA:205,0
DA:217,0
DA:229,0
DA:241,0
DA:252,0
DA:264,0
DA:276,0
DA:288,0
DA:299,0
DA:310,0
DA:322,0
DA:334,0
DA:346,0
DA:358,0
DA:370,0
DA:382,0
DA:393,0
DA:404,0
DA:415,0
DA:426,0
DA:437,0
DA:449,0
DA:461,0
DA:473,0
DA:485,0
DA:497,0
DA:509,0
DA:521,0
DA:533,0
DA:545,0
DA:557,0
DA:569,0
DA:581,0
DA:593,0
DA:605,0
DA:617,0
DA:629,0
DA:641,0
DA:653,0
DA:665,0
DA:677,0
DA:689,0
DA:701,0
DA:713,0
DA:725,0
DA:737,0
DA:749,0
DA:760,0
DA:772,0
DA:784,0
DA:795,0
DA:807,0
DA:819,0
DA:831,0
DA:843,0
DA:855,0
DA:867,0
DA:879,0
DA:891,0
DA:903,0
DA:915,0
DA:927,0
DA:939,0
DA:951,0
DA:963,0
DA:975,0
DA:987,0
DA:999,0
DA:1011,0
DA:1023,0
DA:1035,0
DA:1047,0
DA:1059,0
DA:1071,0
DA:1082,0
DA:1094,0
DA:1106,0
DA:1117,0
DA:1129,0
DA:1141,0
DA:1153,0
DA:1165,0
DA:1177,0
DA:1189,0
DA:1201,0
DA:1213,0
DA:1225,0
DA:1237,0
DA:1249,0
DA:1261,0
DA:1273,0
DA:1285,0
DA:1297,0
DA:1309,0
DA:1321,0
DA:1333,0
DA:1345,0
DA:1357,0
DA:1369,0
DA:1381,0
DA:1393,0
DA:1405,0
DA:1417,0
DA:1429,0
DA:1441,0
DA:1453,0
DA:1465,0
DA:1477,0
DA:1489,0
DA:1501,0
DA:1513,0
DA:1525,0
DA:1537,0
DA:1549,0
DA:1561,0
DA:1573,0
DA:1585,0
DA:1597,0
DA:1609,0
DA:1621,0
DA:1633,0
DA:1645,0
DA:1657,0
DA:1669,0
DA:1681,0
DA:1693,0
DA:1705,0
DA:1717,0
DA:1729,0
DA:1741,0
DA:1753,0
DA:1765,0
DA:1777,0
DA:1789,0
DA:1801,0
DA:1813,0
DA:1825,0
DA:1837,0
DA:1849,0
DA:1861,0
DA:1873,0
DA:1885,0
DA:1897,0
DA:1909,0
DA:1921,0
DA:1933,0
DA:1945,0
DA:1957,0
DA:1969,0
DA:1981,0
DA:1993,0
DA:2005,0
DA:2017,0
DA:2029,0
DA:2041,0
DA:2053,0
DA:2065,0
DA:2077,0
DA:2089,0
DA:2101,0
DA:2113,0
DA:2125,0
DA:2137,0
DA:2149,0
DA:2161,0
DA:2173,0
DA:2185,0
DA:2197,0
DA:2209,0
DA:2221,0
DA:2233,0
DA:2245,0
DA:2257,0
DA:2269,0
DA:2281,0
DA:2293,0
DA:2305,0
DA:2317,0
DA:2329,0
DA:2341,0
DA:2353,0
DA:2365,0
DA:2377,0
DA:2389,0
DA:2401,0
DA:2413,0
DA:2425,0
DA:2437,0
DA:2449,0
DA:2461,0
DA:2473,0
DA:2485,0
DA:2497,0
DA:2509,0
DA:2521,0
DA:2533,0
DA:2545,0
DA:2557,0
DA:2569,0
DA:2581,0
DA:2593,0
DA:2605,0
DA:2617,0
DA:2629,0
DA:2641,0
DA:2653,0
DA:2665,0
DA:2677,0
DA:2689,0
DA:2701,0
DA:2713,0
DA:2725,0
DA:2737,0
DA:2749,0
DA:2761,0
DA:2773,0
DA:2785,0
DA:2797,0
DA:2809,0
DA:2821,0
DA:2833,0
DA:2845,0
DA:2857,0
DA:2869,0
DA:2881,0
DA:2893,0
DA:2905,0
DA:2917,0
DA:2929,0
DA:2941,0
DA:2952,0
DA:2963,0
LF:276
LH:0
BRDA:9,0,0,0
BRDA:9,0,1,0
BRDA:38,1,0,0
BRDA:38,1,1,0
BRDA:45,2,0,0
BRDA:45,2,1,0
BRDA:45,3,0,0
BRDA:45,3,1,0
BRDA:57,4,0,0
BRDA:57,4,1,0
BRDA:58,5,0,0
BRDA:58,5,1,0
BRDA:59,6,0,0
BRDA:59,6,1,0
BRDA:59,7,0,0
BRDA:59,7,1,0
BRDA:59,7,2,0
BRDA:59,7,3,0
BRDA:63,8,0,0
BRDA:63,8,1,0
BRDA:63,9,0,0
BRDA:63,9,1,0
BRDA:69,10,0,0
BRDA:69,10,1,0
BRDA:69,11,0,0
BRDA:69,11,1,0
BRF:26
BRH:0
end_of_record
TN:
SF:C:\work_calendar\server\index.js
FN:16,(anonymous_0)
FN:18,(anonymous_1)
FNF:2
FNH:0
FNDA:0,(anonymous_0)
FNDA:0,(anonymous_1)
DA:1,0
DA:2,0
DA:3,0
DA:4,0
DA:5,0
DA:6,0
DA:8,0
DA:10,0
DA:12,0
DA:14,0
DA:16,0
DA:18,0
LF:12
LH:0
BRF:0
BRH:0
end_of_record
TN:
SF:C:\work_calendar\server\routes.js
FNF:0
FNH:0
DA:1,0
DA:2,0
DA:4,0
DA:6,0
DA:8,0
DA:10,0
DA:12,0
DA:14,0
DA:16,0
DA:18,0
DA:20,0
DA:22,0
LF:12
LH:0
BRF:0
BRH:0
end_of_record
TN:
SF:C:\work_calendar\server\controllers\index.js
FN:5,(anonymous_0)
FN:7,(anonymous_1)
FN:16,(anonymous_2)
FN:19,(anonymous_3)
FN:29,(anonymous_4)
FN:39,(anonymous_5)
FN:51,(anonymous_6)
FN:53,(anonymous_7)
FN:61,(anonymous_8)
FN:73,(anonymous_9)
FN:82,(anonymous_10)
FN:95,(anonymous_11)
FN:104,(anonymous_12)
FN:106,(anonymous_13)
FN:117,(anonymous_14)
FN:118,(anonymous_15)
FN:128,(anonymous_16)
FN:130,(anonymous_17)
FN:138,(anonymous_18)
FN:146,(anonymous_19)
FNF:20
FNH:0
FNDA:0,(anonymous_0)
FNDA:0,(anonymous_1)
FNDA:0,(anonymous_2)
FNDA:0,(anonymous_3)
FNDA:0,(anonymous_4)
FNDA:0,(anonymous_5)
FNDA:0,(anonymous_6)
FNDA:0,(anonymous_7)
FNDA:0,(anonymous_8)
FNDA:0,(anonymous_9)
FNDA:0,(anonymous_10)
FNDA:0,(anonymous_11)
FNDA:0,(anonymous_12)
FNDA:0,(anonymous_13)
FNDA:0,(anonymous_14)
FNDA:0,(anonymous_15)
FNDA:0,(anonymous_16)
FNDA:0,(anonymous_17)
FNDA:0,(anonymous_18)
FNDA:0,(anonymous_19)
DA:1,0
DA:3,0
DA:6,0
DA:7,0
DA:8,0
DA:9,0
DA:11,0
DA:18,0
DA:19,0
DA:20,0
DA:21,0
DA:23,0
DA:24,0
DA:29,0
DA:30,0
DA:31,0
DA:33,0
DA:34,0
DA:39,0
DA:40,0
DA:41,0
DA:43,0
DA:44,0
DA:52,0
DA:53,0
DA:54,0
DA:55,0
DA:57,0
DA:62,0
DA:73,0
DA:74,0
DA:75,0
DA:77,0
DA:78,0
DA:83,0
DA:95,0
DA:96,0
DA:97,0
DA:99,0
DA:100,0
DA:105,0
DA:106,0
DA:107,0
DA:108,0
DA:110,0
DA:111,0
DA:118,0
DA:119,0
DA:120,0
DA:122,0
DA:129,0
DA:130,0
DA:131,0
DA:132,0
DA:134,0
DA:139,0
DA:146,0
DA:147,0
DA:148,0
DA:150,0
DA:151,0
LF:61
LH:0
BRDA:8,0,0,0
BRDA:8,0,1,0
BRDA:20,1,0,0
BRDA:20,1,1,0
BRDA:30,2,0,0
BRDA:30,2,1,0
BRDA:40,3,0,0
BRDA:40,3,1,0
BRDA:54,4,0,0
BRDA:54,4,1,0
BRDA:74,5,0,0
BRDA:74,5,1,0
BRDA:96,6,0,0
BRDA:96,6,1,0
BRDA:107,7,0,0
BRDA:107,7,1,0
BRDA:119,8,0,0
BRDA:119,8,1,0
BRDA:131,9,0,0
BRDA:131,9,1,0
BRDA:147,10,0,0
BRDA:147,10,1,0
BRF:22
BRH:0
end_of_record
TN:
SF:C:\work_calendar\server\db\index.js
FN:3,(anonymous_0)
FN:11,(anonymous_1)
FN:14,(anonymous_2)
FN:24,(anonymous_3)
FN:38,(anonymous_4)
FN:80,(anonymous_5)
FN:99,(anonymous_6)
FN:115,(anonymous_7)
FN:126,(anonymous_8)
FNF:9
FNH:0
FNDA:0,(anonymous_0)
FNDA:0,(anonymous_1)
FNDA:0,(anonymous_2)
FNDA:0,(anonymous_3)
FNDA:0,(anonymous_4)
FNDA:0,(anonymous_5)
FNDA:0,(anonymous_6)
FNDA:0,(anonymous_7)
FNDA:0,(anonymous_8)
DA:1,0
DA:3,0
DA:4,0
DA:5,0
DA:7,0
DA:11,0
DA:12,0
DA:15,0
DA:16,0
DA:18,0
DA:23,0
DA:24,0
DA:25,0
DA:26,0
DA:30,0
DA:31,0
DA:33,0
DA:34,0
DA:35,0
DA:36,0
DA:38,0
DA:39,0
DA:40,0
DA:44,0
DA:45,0
DA:46,0
DA:47,0
DA:51,0
DA:65,0
DA:66,0
DA:67,0
DA:71,0
DA:72,0
DA:80,0
DA:81,0
DA:82,0
DA:86,0
DA:87,0
DA:88,0
DA:89,0
DA:94,0
DA:95,0
DA:96,0
DA:97,0
DA:99,0
DA:100,0
DA:101,0
DA:105,0
DA:106,0
DA:107,0
DA:108,0
DA:113,0
DA:116,0
DA:117,0
DA:119,0
DA:124,0
DA:127,0
DA:128,0
DA:130,0
DA:135,0
LF:60
LH:0
BRDA:4,0,0,0
BRDA:4,0,1,0
BRDA:15,1,0,0
BRDA:15,1,1,0
BRDA:25,2,0,0
BRDA:25,2,1,0
BRDA:39,3,0,0
BRDA:39,3,1,0
BRDA:45,4,0,0
BRDA:45,4,1,0
BRDA:81,5,0,0
BRDA:81,5,1,0
BRDA:87,6,0,0
BRDA:87,6,1,0
BRDA:100,7,0,0
BRDA:100,7,1,0
BRDA:106,8,0,0
BRDA:106,8,1,0
BRDA:116,9,0,0
BRDA:116,9,1,0
BRDA:127,10,0,0
BRDA:127,10,1,0
BRF:22
BRH:0
end_of_record
TN:
SF:C:\work_calendar\server\models\index.js
FN:5,(anonymous_0)
FN:7,(anonymous_1)
FN:11,(anonymous_2)
FN:13,(anonymous_3)
FN:17,(anonymous_4)
FN:19,(anonymous_5)
FN:23,(anonymous_6)
FN:25,(anonymous_7)
FN:29,(anonymous_8)
FN:31,(anonymous_9)
FN:33,(anonymous_10)
FN:35,(anonymous_11)
FN:45,(anonymous_12)
FN:51,(anonymous_13)
FN:53,(anonymous_14)
FN:63,(anonymous_15)
FN:69,(anonymous_16)
FN:71,(anonymous_17)
FN:77,(anonymous_18)
FN:79,(anonymous_19)
FN:85,(anonymous_20)
FN:87,(anonymous_21)
FN:89,(anonymous_22)
FN:91,(anonymous_23)
FN:97,(anonymous_24)
FNF:25
FNH:0
FNDA:0,(anonymous_0)
FNDA:0,(anonymous_1)
FNDA:0,(anonymous_2)
FNDA:0,(anonymous_3)
FNDA:0,(anonymous_4)
FNDA:0,(anonymous_5)
FNDA:0,(anonymous_6)
FNDA:0,(anonymous_7)
FNDA:0,(anonymous_8)
FNDA:0,(anonymous_9)
FNDA:0,(anonymous_10)
FNDA:0,(anonymous_11)
FNDA:0,(anonymous_12)
FNDA:0,(anonymous_13)
FNDA:0,(anonymous_14)
FNDA:0,(anonymous_15)
FNDA:0,(anonymous_16)
FNDA:0,(anonymous_17)
FNDA:0,(anonymous_18)
FNDA:0,(anonymous_19)
FNDA:0,(anonymous_20)
FNDA:0,(anonymous_21)
FNDA:0,(anonymous_22)
FNDA:0,(anonymous_23)
FNDA:0,(anonymous_24)
DA:1,0
DA:3,0
DA:6,0
DA:7,0
DA:12,0
DA:13,0
DA:18,0
DA:19,0
DA:24,0
DA:25,0
DA:30,0
DA:31,0
DA:34,0
DA:35,0
DA:37,0
DA:38,0
DA:39,0
DA:40,0
DA:41,0
DA:42,0
DA:46,0
DA:52,0
DA:53,0
DA:55,0
DA:56,0
DA:57,0
DA:58,0
DA:59,0
DA:60,0
DA:64,0
DA:70,0
DA:71,0
DA:72,0
DA:78,0
DA:79,0
DA:80,0
DA:86,0
DA:87,0
DA:90,0
DA:91,0
DA:92,0
DA:93,0
DA:95,0
DA:96,0
DA:97,0
DA:98,0
LF:46
LH:0
BRDA:92,0,0,0
BRDA:92,0,1,0
BRF:2
BRH:0
end_of_record
